Flow report for digital_theremin
Thu Jan 02 14:26:06 2020
Quartus Prime Version 17.1.0 Build 590 10/25/2017 SJ Standard Edition


---------------------
; Table of Contents ;
---------------------
  1. Legal Notice
  2. Flow Summary
  3. Flow Settings
  4. Flow Non-Default Global Settings
  5. Flow Elapsed Time
  6. Flow OS Summary
  7. Flow Log
  8. Flow Messages
  9. Flow Suppressed Messages



----------------
; Legal Notice ;
----------------
Copyright (C) 2017  Intel Corporation. All rights reserved.
Your use of Intel Corporation's design tools, logic functions 
and other software and tools, and its AMPP partner logic 
functions, and any output files from any of the foregoing 
(including device programming or simulation files), and any 
associated documentation or information are expressly subject 
to the terms and conditions of the Intel Program License 
Subscription Agreement, the Intel Quartus Prime License Agreement,
the Intel FPGA IP License Agreement, or other applicable license
agreement, including, without limitation, that your use is for
the sole purpose of programming logic devices manufactured by
Intel and sold by Intel or its authorized distributors.  Please
refer to the applicable agreement for further details.



+-----------------------------------------------------------------------------------+
; Flow Summary                                                                      ;
+---------------------------------+-------------------------------------------------+
; Flow Status                     ; Successful - Thu Jan 02 14:26:06 2020           ;
; Quartus Prime Version           ; 17.1.0 Build 590 10/25/2017 SJ Standard Edition ;
; Revision Name                   ; digital_theremin                                ;
; Top-level Entity Name           ; Theremin_top                                    ;
; Family                          ; Cyclone V                                       ;
; Device                          ; 5CSEMA5F31C6                                    ;
; Timing Models                   ; Final                                           ;
; Logic utilization (in ALMs)     ; 593 / 32,070 ( 2 % )                            ;
; Total registers                 ; 629                                             ;
; Total pins                      ; 12 / 457 ( 3 % )                                ;
; Total virtual pins              ; 0                                               ;
; Total block memory bits         ; 8,192 / 4,065,280 ( < 1 % )                     ;
; Total DSP Blocks                ; 2 / 87 ( 2 % )                                  ;
; Total HSSI RX PCSs              ; 0                                               ;
; Total HSSI PMA RX Deserializers ; 0                                               ;
; Total HSSI TX PCSs              ; 0                                               ;
; Total HSSI PMA TX Serializers   ; 0                                               ;
; Total PLLs                      ; 2 / 6 ( 33 % )                                  ;
; Total DLLs                      ; 0 / 4 ( 0 % )                                   ;
+---------------------------------+-------------------------------------------------+


+-----------------------------------------+
; Flow Settings                           ;
+-------------------+---------------------+
; Option            ; Setting             ;
+-------------------+---------------------+
; Start date & time ; 01/02/2020 14:24:28 ;
; Main task         ; Compilation         ;
; Revision Name     ; digital_theremin    ;
+-------------------+---------------------+


+---------------------------------------------------------------------------------------------------------------------------------------------------------+
; Flow Non-Default Global Settings                                                                                                                        ;
+-------------------------------------+----------------------------------------------------------------+------------------+--------------+----------------+
; Assignment Name                     ; Value                                                          ; Default Value    ; Entity Name  ; Section Id     ;
+-------------------------------------+----------------------------------------------------------------+------------------+--------------+----------------+
; COMPILER_SIGNATURE_ID               ; 137098623743265.157797146711760                                ; --               ; --           ; --             ;
; EDA_OUTPUT_DATA_FORMAT              ; Vhdl                                                           ; --               ; --           ; eda_simulation ;
; EDA_SIMULATION_TOOL                 ; QuestaSim (VHDL)                                               ; <None>           ; --           ; --             ;
; EDA_TIME_SCALE                      ; 1 ps                                                           ; --               ; --           ; eda_simulation ;
; MAX_CORE_JUNCTION_TEMP              ; 85                                                             ; --               ; --           ; --             ;
; MIN_CORE_JUNCTION_TEMP              ; 0                                                              ; --               ; --           ; --             ;
; MISC_FILE                           ; IP_Files/Audio/synthesis/../Audio.cmp                          ; --               ; --           ; --             ;
; MISC_FILE                           ; IP_Files/Audio/synthesis/../../../Audio.qsys                   ; --               ; --           ; --             ;
; MISC_FILE                           ; IP_Files/Audio_clk/synthesis/../Audio_clock.cmp                ; --               ; --           ; --             ;
; MISC_FILE                           ; IP_Files/Audio_clk/synthesis/../../../Audio_clock.qsys         ; --               ; --           ; --             ;
; MISC_FILE                           ; IP_Files/Audio_config/synthesis/../Audio_config.cmp            ; --               ; --           ; --             ;
; MISC_FILE                           ; IP_Files/Audio_config/synthesis/../../../Audio_config.qsys     ; --               ; --           ; --             ;
; MISC_FILE                           ; IP_Files/PLL/PLL_IP.cmp                                        ; --               ; --           ; --             ;
; NUM_PARALLEL_PROCESSORS             ; 2                                                              ; --               ; --           ; --             ;
; PARTITION_COLOR                     ; -- (Not supported for targeted family)                         ; --               ; Theremin_top ; Top            ;
; PARTITION_FITTER_PRESERVATION_LEVEL ; -- (Not supported for targeted family)                         ; --               ; Theremin_top ; Top            ;
; PARTITION_NETLIST_TYPE              ; -- (Not supported for targeted family)                         ; --               ; Theremin_top ; Top            ;
; POWER_BOARD_THERMAL_MODEL           ; None (CONSERVATIVE)                                            ; --               ; --           ; --             ;
; POWER_PRESET_COOLING_SOLUTION       ; 23 MM HEAT SINK WITH 200 LFPM AIRFLOW                          ; --               ; --           ; --             ;
; PROJECT_OUTPUT_DIRECTORY            ; output_files                                                   ; --               ; --           ; --             ;
; SEARCH_PATH                         ; ../vhdl                                                        ; --               ; --           ; --             ;
; SLD_FILE                            ; IP_Files/Audio/synthesis/Audio.debuginfo                       ; --               ; --           ; --             ;
; SLD_FILE                            ; IP_Files/Audio_clk/synthesis/Audio_clock.debuginfo             ; --               ; --           ; --             ;
; SLD_FILE                            ; IP_Files/Audio_config/synthesis/Audio_config.debuginfo         ; --               ; --           ; --             ;
; SLD_INFO                            ; QSYS_NAME Audio HAS_SOPCINFO 1 GENERATION_ID 1576073396        ; --               ; Audio        ; --             ;
; SLD_INFO                            ; QSYS_NAME Audio_clock HAS_SOPCINFO 1 GENERATION_ID 1576073341  ; --               ; Audio_clock  ; --             ;
; SLD_INFO                            ; QSYS_NAME Audio_config HAS_SOPCINFO 1 GENERATION_ID 1576073264 ; --               ; Audio_config ; --             ;
; SOPCINFO_FILE                       ; IP_Files/Audio/synthesis/../../../Audio.sopcinfo               ; --               ; --           ; --             ;
; SOPCINFO_FILE                       ; IP_Files/Audio_clk/synthesis/../../../Audio_clock.sopcinfo     ; --               ; --           ; --             ;
; SOPCINFO_FILE                       ; IP_Files/Audio_config/synthesis/../../../Audio_config.sopcinfo ; --               ; --           ; --             ;
; SYNTHESIS_ONLY_QIP                  ; On                                                             ; --               ; --           ; --             ;
; SYNTHESIS_ONLY_QIP                  ; On                                                             ; --               ; --           ; --             ;
; SYNTHESIS_ONLY_QIP                  ; On                                                             ; --               ; --           ; --             ;
; SYNTHESIS_ONLY_QIP                  ; On                                                             ; --               ; --           ; --             ;
; TOP_LEVEL_ENTITY                    ; Theremin_top                                                   ; digital_theremin ; --           ; --             ;
; VHDL_INPUT_VERSION                  ; VHDL_2008                                                      ; VHDL_1993        ; --           ; --             ;
; VHDL_SHOW_LMF_MAPPING_MESSAGES      ; Off                                                            ; --               ; --           ; --             ;
+-------------------------------------+----------------------------------------------------------------+------------------+--------------+----------------+


+-------------------------------------------------------------------------------------------------------------------------------+
; Flow Elapsed Time                                                                                                             ;
+---------------------------+--------------+-------------------------+---------------------+------------------------------------+
; Module Name               ; Elapsed Time ; Average Processors Used ; Peak Virtual Memory ; Total CPU Time (on all processors) ;
+---------------------------+--------------+-------------------------+---------------------+------------------------------------+
; Analysis & Synthesis      ; 00:00:18     ; 1.0                     ; 4899 MB             ; 00:00:32                           ;
; Fitter                    ; 00:00:56     ; 1.0                     ; 6339 MB             ; 00:01:27                           ;
; Assembler                 ; 00:00:08     ; 1.0                     ; 4838 MB             ; 00:00:08                           ;
; TimeQuest Timing Analyzer ; 00:00:09     ; 1.2                     ; 5164 MB             ; 00:00:10                           ;
; EDA Netlist Writer        ; 00:00:04     ; 1.0                     ; 4863 MB             ; 00:00:03                           ;
; Total                     ; 00:01:35     ; --                      ; --                  ; 00:02:20                           ;
+---------------------------+--------------+-------------------------+---------------------+------------------------------------+


+-----------------------------------------------------------------------------------------+
; Flow OS Summary                                                                         ;
+---------------------------+------------------+------------+------------+----------------+
; Module Name               ; Machine Hostname ; OS Name    ; OS Version ; Processor type ;
+---------------------------+------------------+------------+------------+----------------+
; Analysis & Synthesis      ; LAPTOP-8PPPJ9P7  ; Windows 10 ; 10.0       ; x86_64         ;
; Fitter                    ; LAPTOP-8PPPJ9P7  ; Windows 10 ; 10.0       ; x86_64         ;
; Assembler                 ; LAPTOP-8PPPJ9P7  ; Windows 10 ; 10.0       ; x86_64         ;
; TimeQuest Timing Analyzer ; LAPTOP-8PPPJ9P7  ; Windows 10 ; 10.0       ; x86_64         ;
; EDA Netlist Writer        ; LAPTOP-8PPPJ9P7  ; Windows 10 ; 10.0       ; x86_64         ;
+---------------------------+------------------+------------+------------+----------------+


------------
; Flow Log ;
------------
quartus_map --read_settings_files=on --write_settings_files=off digital_theremin -c digital_theremin
quartus_fit --read_settings_files=off --write_settings_files=off digital_theremin -c digital_theremin
quartus_asm --read_settings_files=off --write_settings_files=off digital_theremin -c digital_theremin
quartus_sta digital_theremin -c digital_theremin
quartus_eda --read_settings_files=off --write_settings_files=off digital_theremin -c digital_theremin



